<?xml version="1.0" encoding="UTF-8" ?>
<testsuite tests="18" failures="0" name="CarSimulation.CarSimulation.RunCucumberTest" time="0.341" errors="0" skipped="0">
  <properties>
[...]
</properties>
  <testcase classname="US__0001 Car Customization" name="Get Car Capacity" time="0.261"/>
  <testcase classname="US__0001 Car Customization" name="Get Car Capacity" time="0"/>
  <testcase classname="US__0001 Car Customization" name="Get Car Consomation" time="0.001"/>
  <testcase classname="US__0001 Car Customization" name="Get Car Consomation" time="0"/>
  <testcase classname="US__0001 Car Customization" name="Get Car Kilometrage" time="0.003"/>
  <testcase classname="US__0001 Car Customization" name="Get Car Kilometrage" time="0.002"/>
  <testcase classname="US__0002 Driving Simulation" name="ride a car with enough capacity" time="0"/>
  <testcase classname="US__0002 Driving Simulation" name="ride a car with enough capacity" time="0.012"/>
  <testcase classname="US__0002 Driving Simulation" name="ride a car without the enough capacity" time="0.008"/>
  <testcase classname="US__0002 Driving Simulation" name="ride a car without the enough capacity" time="0.005"/>
  <testcase classname="US__0003 Gaz Station Management" name="fill the car" time="0.002"/>
  <testcase classname="US__0003 Gaz Station Management" name="fill the car" time="0.003"/>
  <testcase classname="US__0003 Gaz Station Management" name="Fill the gaz station (set gazleft of the station)" time="0.003"/>
  <testcase classname="US__0003 Gaz Station Management" name="get the fuel left in gaz station)" time="0.003"/>
  <testcase classname="US__0003 Gaz Station Management" name="fill all the car in the  gaz station" time="0.004"/>
  <testcase classname="US__0003 Gaz Station Management" name="fill all the car in the  gaz station" time="0.007"/>
  <testcase classname="US__0003 Gaz Station Management" name="add a car to the queue" time="0.021"/>
  <testcase classname="US__0003 Gaz Station Management" name="remove a car to the queue" time="0.006"/>
</testsuite>